2020-01-07 09:58:21   INFO  [main][AbstractTestContextBootstrapper.java:308] - Neither @ContextConfiguration nor @ContextHierarchy found for test class [com.taxchina.autotest.crmnew.service.testcase.MoveCustLibCaseTest], using SpringBootContextLoader
2020-01-07 09:58:21   INFO  [main][AbstractContextLoader.java:264] - Could not detect default resource locations for test class [com.taxchina.autotest.crmnew.service.testcase.MoveCustLibCaseTest]: no resource found for suffixes {-context.xml, Context.groovy}.
2020-01-07 09:58:21   INFO  [main][AnnotationConfigContextLoaderUtils.java:83] - Could not detect default configuration classes for test class [com.taxchina.autotest.crmnew.service.testcase.MoveCustLibCaseTest]: MoveCustLibCaseTest does not declare any static, non-private, non-final, nested classes annotated with @Configuration.
2020-01-07 09:58:21   INFO  [main][SpringBootTestContextBootstrapper.java:235] - Found @SpringBootConfiguration com.taxchina.autotest.crmnew.CrmNewApplication for test class com.taxchina.autotest.crmnew.service.testcase.MoveCustLibCaseTest
2020-01-07 09:58:21   INFO  [main][AbstractTestContextBootstrapper.java:177] - Using TestExecutionListeners: [org.springframework.test.context.support.DirtiesContextBeforeModesTestExecutionListener@6736fa8d, org.springframework.test.context.support.DependencyInjectionTestExecutionListener@52815fa3, org.springframework.test.context.support.DirtiesContextTestExecutionListener@50313382, org.springframework.test.context.event.EventPublishingTestExecutionListener@1cb346ea]
2020-01-07 09:58:21   INFO  [main][Log.java:12] - ----------   com.taxchina.autotest.crmnew.service.testcase.MoveCustLibCaseTest  测试用例执行开始    ----------------
2020-01-07 09:58:22   INFO  [main][StartupInfoLogger.java:55] - Starting MoveCustLibCaseTest on DESKTOP-6137ET1 with PID 13100 (D:\worksapce\crm-new\target\classes started by 19042 in D:\worksapce\crm-new)
2020-01-07 09:58:22   INFO  [main][SpringApplication.java:651] - No active profile set, falling back to default profiles: default
2020-01-07 09:58:26   INFO  [main][StartupInfoLogger.java:61] - Started MoveCustLibCaseTest in 4.932 seconds (JVM running for 9.032)
2020-01-07 09:58:28   INFO  [main][Log.java:16] - ----------   com.taxchina.autotest.crmnew.service.testcase.MoveCustLibCaseTest  测试用例执行结束    ----------------
2020-01-07 10:09:33   INFO  [main][AbstractTestContextBootstrapper.java:308] - Neither @ContextConfiguration nor @ContextHierarchy found for test class [com.taxchina.autotest.crmnew.service.testcase.MoveCustLibCaseTest], using SpringBootContextLoader
2020-01-07 10:09:33   INFO  [main][AbstractContextLoader.java:264] - Could not detect default resource locations for test class [com.taxchina.autotest.crmnew.service.testcase.MoveCustLibCaseTest]: no resource found for suffixes {-context.xml, Context.groovy}.
2020-01-07 10:09:33   INFO  [main][AnnotationConfigContextLoaderUtils.java:83] - Could not detect default configuration classes for test class [com.taxchina.autotest.crmnew.service.testcase.MoveCustLibCaseTest]: MoveCustLibCaseTest does not declare any static, non-private, non-final, nested classes annotated with @Configuration.
2020-01-07 10:09:33   INFO  [main][SpringBootTestContextBootstrapper.java:235] - Found @SpringBootConfiguration com.taxchina.autotest.crmnew.CrmNewApplication for test class com.taxchina.autotest.crmnew.service.testcase.MoveCustLibCaseTest
2020-01-07 10:09:34   INFO  [main][AbstractTestContextBootstrapper.java:177] - Using TestExecutionListeners: [org.springframework.test.context.support.DirtiesContextBeforeModesTestExecutionListener@4dd6fd0a, org.springframework.test.context.support.DependencyInjectionTestExecutionListener@bb9e6dc, org.springframework.test.context.support.DirtiesContextTestExecutionListener@5456afaa, org.springframework.test.context.event.EventPublishingTestExecutionListener@6692b6c6]
2020-01-07 10:09:34   INFO  [main][Log.java:12] - ----------   com.taxchina.autotest.crmnew.service.testcase.MoveCustLibCaseTest  测试用例执行开始    ----------------
2020-01-07 10:09:34   INFO  [main][StartupInfoLogger.java:55] - Starting MoveCustLibCaseTest on DESKTOP-6137ET1 with PID 17684 (D:\worksapce\crm-new\target\classes started by 19042 in D:\worksapce\crm-new)
2020-01-07 10:09:34   INFO  [main][SpringApplication.java:651] - No active profile set, falling back to default profiles: default
2020-01-07 10:09:36   INFO  [main][StartupInfoLogger.java:61] - Started MoveCustLibCaseTest in 1.984 seconds (JVM running for 4.676)
2020-01-07 10:09:37   INFO  [main][Log.java:16] - ----------   com.taxchina.autotest.crmnew.service.testcase.MoveCustLibCaseTest  测试用例执行结束    ----------------
2020-01-07 10:12:07   INFO  [main][AbstractTestContextBootstrapper.java:308] - Neither @ContextConfiguration nor @ContextHierarchy found for test class [com.taxchina.autotest.crmnew.service.testcase.MoveCustLibCaseTest], using SpringBootContextLoader
2020-01-07 10:12:07   INFO  [main][AbstractContextLoader.java:264] - Could not detect default resource locations for test class [com.taxchina.autotest.crmnew.service.testcase.MoveCustLibCaseTest]: no resource found for suffixes {-context.xml, Context.groovy}.
2020-01-07 10:12:07   INFO  [main][AnnotationConfigContextLoaderUtils.java:83] - Could not detect default configuration classes for test class [com.taxchina.autotest.crmnew.service.testcase.MoveCustLibCaseTest]: MoveCustLibCaseTest does not declare any static, non-private, non-final, nested classes annotated with @Configuration.
2020-01-07 10:12:07   INFO  [main][SpringBootTestContextBootstrapper.java:235] - Found @SpringBootConfiguration com.taxchina.autotest.crmnew.CrmNewApplication for test class com.taxchina.autotest.crmnew.service.testcase.MoveCustLibCaseTest
2020-01-07 10:12:08   INFO  [main][AbstractTestContextBootstrapper.java:177] - Using TestExecutionListeners: [org.springframework.test.context.support.DirtiesContextBeforeModesTestExecutionListener@4dd6fd0a, org.springframework.test.context.support.DependencyInjectionTestExecutionListener@bb9e6dc, org.springframework.test.context.support.DirtiesContextTestExecutionListener@5456afaa, org.springframework.test.context.event.EventPublishingTestExecutionListener@6692b6c6]
2020-01-07 10:12:08   INFO  [main][Log.java:12] - ----------   com.taxchina.autotest.crmnew.service.testcase.MoveCustLibCaseTest  测试用例执行开始    ----------------
2020-01-07 10:12:08   INFO  [main][StartupInfoLogger.java:55] - Starting MoveCustLibCaseTest on DESKTOP-6137ET1 with PID 16304 (D:\worksapce\crm-new\target\classes started by 19042 in D:\worksapce\crm-new)
2020-01-07 10:12:08   INFO  [main][SpringApplication.java:651] - No active profile set, falling back to default profiles: default
2020-01-07 10:12:10   INFO  [main][StartupInfoLogger.java:61] - Started MoveCustLibCaseTest in 2.138 seconds (JVM running for 4.669)
2020-01-07 10:12:11   INFO  [main][Log.java:16] - ----------   com.taxchina.autotest.crmnew.service.testcase.MoveCustLibCaseTest  测试用例执行结束    ----------------
2020-01-07 10:13:57   INFO  [main][AbstractTestContextBootstrapper.java:308] - Neither @ContextConfiguration nor @ContextHierarchy found for test class [com.taxchina.autotest.crmnew.service.testcase.MoveCustLibCaseTest], using SpringBootContextLoader
2020-01-07 10:13:57   INFO  [main][AbstractContextLoader.java:264] - Could not detect default resource locations for test class [com.taxchina.autotest.crmnew.service.testcase.MoveCustLibCaseTest]: no resource found for suffixes {-context.xml, Context.groovy}.
2020-01-07 10:13:57   INFO  [main][AnnotationConfigContextLoaderUtils.java:83] - Could not detect default configuration classes for test class [com.taxchina.autotest.crmnew.service.testcase.MoveCustLibCaseTest]: MoveCustLibCaseTest does not declare any static, non-private, non-final, nested classes annotated with @Configuration.
2020-01-07 10:13:57   INFO  [main][SpringBootTestContextBootstrapper.java:235] - Found @SpringBootConfiguration com.taxchina.autotest.crmnew.CrmNewApplication for test class com.taxchina.autotest.crmnew.service.testcase.MoveCustLibCaseTest
2020-01-07 10:13:58   INFO  [main][AbstractTestContextBootstrapper.java:177] - Using TestExecutionListeners: [org.springframework.test.context.support.DirtiesContextBeforeModesTestExecutionListener@4dd6fd0a, org.springframework.test.context.support.DependencyInjectionTestExecutionListener@bb9e6dc, org.springframework.test.context.support.DirtiesContextTestExecutionListener@5456afaa, org.springframework.test.context.event.EventPublishingTestExecutionListener@6692b6c6]
2020-01-07 10:13:58   INFO  [main][Log.java:12] - ----------   com.taxchina.autotest.crmnew.service.testcase.MoveCustLibCaseTest  测试用例执行开始    ----------------
2020-01-07 10:13:58   INFO  [main][StartupInfoLogger.java:55] - Starting MoveCustLibCaseTest on DESKTOP-6137ET1 with PID 20624 (D:\worksapce\crm-new\target\classes started by 19042 in D:\worksapce\crm-new)
2020-01-07 10:13:58   INFO  [main][SpringApplication.java:651] - No active profile set, falling back to default profiles: default
2020-01-07 10:14:00   INFO  [main][StartupInfoLogger.java:61] - Started MoveCustLibCaseTest in 2.023 seconds (JVM running for 4.784)
2020-01-07 10:14:02   INFO  [main][HikariDataSource.java:110] - HikariPool-1 - Starting...
2020-01-07 10:14:06   ERROR [main][HikariPool.java:595] - HikariPool-1 - Exception during pool initialization.
java.sql.SQLException: Access denied for user 'root'@'localhost' (using password: YES)
	at com.mysql.cj.jdbc.exceptions.SQLError.createSQLException(SQLError.java:129) ~[mysql-connector-java-8.0.18.jar:8.0.18]
	at com.mysql.cj.jdbc.exceptions.SQLError.createSQLException(SQLError.java:97) ~[mysql-connector-java-8.0.18.jar:8.0.18]
	at com.mysql.cj.jdbc.exceptions.SQLExceptionsMapping.translateException(SQLExceptionsMapping.java:122) ~[mysql-connector-java-8.0.18.jar:8.0.18]
	at com.mysql.cj.jdbc.ConnectionImpl.createNewIO(ConnectionImpl.java:836) ~[mysql-connector-java-8.0.18.jar:8.0.18]
	at com.mysql.cj.jdbc.ConnectionImpl.<init>(ConnectionImpl.java:456) ~[mysql-connector-java-8.0.18.jar:8.0.18]
	at com.mysql.cj.jdbc.ConnectionImpl.getInstance(ConnectionImpl.java:246) ~[mysql-connector-java-8.0.18.jar:8.0.18]
	at com.mysql.cj.jdbc.NonRegisteringDriver.connect(NonRegisteringDriver.java:199) ~[mysql-connector-java-8.0.18.jar:8.0.18]
	at com.zaxxer.hikari.util.DriverDataSource.getConnection(DriverDataSource.java:138) ~[HikariCP-3.4.1.jar:?]
	at com.zaxxer.hikari.pool.PoolBase.newConnection(PoolBase.java:353) ~[HikariCP-3.4.1.jar:?]
	at com.zaxxer.hikari.pool.PoolBase.newPoolEntry(PoolBase.java:201) ~[HikariCP-3.4.1.jar:?]
	at com.zaxxer.hikari.pool.HikariPool.createPoolEntry(HikariPool.java:473) [HikariCP-3.4.1.jar:?]
	at com.zaxxer.hikari.pool.HikariPool.checkFailFast(HikariPool.java:562) [HikariCP-3.4.1.jar:?]
	at com.zaxxer.hikari.pool.HikariPool.<init>(HikariPool.java:115) [HikariCP-3.4.1.jar:?]
	at com.zaxxer.hikari.HikariDataSource.getConnection(HikariDataSource.java:112) [HikariCP-3.4.1.jar:?]
	at org.springframework.jdbc.datasource.DataSourceUtils.fetchConnection(DataSourceUtils.java:158) [spring-jdbc-5.2.1.RELEASE.jar:5.2.1.RELEASE]
	at org.springframework.jdbc.datasource.DataSourceUtils.doGetConnection(DataSourceUtils.java:116) [spring-jdbc-5.2.1.RELEASE.jar:5.2.1.RELEASE]
	at org.springframework.jdbc.datasource.DataSourceUtils.getConnection(DataSourceUtils.java:79) [spring-jdbc-5.2.1.RELEASE.jar:5.2.1.RELEASE]
	at org.mybatis.spring.transaction.SpringManagedTransaction.openConnection(SpringManagedTransaction.java:80) [mybatis-spring-2.0.3.jar:2.0.3]
	at org.mybatis.spring.transaction.SpringManagedTransaction.getConnection(SpringManagedTransaction.java:67) [mybatis-spring-2.0.3.jar:2.0.3]
	at org.apache.ibatis.executor.BaseExecutor.getConnection(BaseExecutor.java:336) [mybatis-3.5.3.jar:3.5.3]
	at org.apache.ibatis.executor.SimpleExecutor.prepareStatement(SimpleExecutor.java:86) [mybatis-3.5.3.jar:3.5.3]
	at org.apache.ibatis.executor.SimpleExecutor.doUpdate(SimpleExecutor.java:49) [mybatis-3.5.3.jar:3.5.3]
	at org.apache.ibatis.executor.BaseExecutor.update(BaseExecutor.java:117) [mybatis-3.5.3.jar:3.5.3]
	at org.apache.ibatis.executor.CachingExecutor.update(CachingExecutor.java:76) [mybatis-3.5.3.jar:3.5.3]
	at org.apache.ibatis.session.defaults.DefaultSqlSession.update(DefaultSqlSession.java:197) [mybatis-3.5.3.jar:3.5.3]
	at org.apache.ibatis.session.defaults.DefaultSqlSession.insert(DefaultSqlSession.java:184) [mybatis-3.5.3.jar:3.5.3]
	at sun.reflect.NativeMethodAccessorImpl.invoke0(Native Method) ~[?:1.8.0_111]
	at sun.reflect.NativeMethodAccessorImpl.invoke(NativeMethodAccessorImpl.java:62) ~[?:1.8.0_111]
	at sun.reflect.DelegatingMethodAccessorImpl.invoke(DelegatingMethodAccessorImpl.java:43) ~[?:1.8.0_111]
	at java.lang.reflect.Method.invoke(Method.java:498) ~[?:1.8.0_111]
	at org.mybatis.spring.SqlSessionTemplate$SqlSessionInterceptor.invoke(SqlSessionTemplate.java:426) [mybatis-spring-2.0.3.jar:2.0.3]
	at com.sun.proxy.$Proxy76.insert(Unknown Source) [?:?]
	at org.mybatis.spring.SqlSessionTemplate.insert(SqlSessionTemplate.java:271) [mybatis-spring-2.0.3.jar:2.0.3]
	at org.apache.ibatis.binding.MapperMethod.execute(MapperMethod.java:62) [mybatis-3.5.3.jar:3.5.3]
	at org.apache.ibatis.binding.MapperProxy.invoke(MapperProxy.java:93) [mybatis-3.5.3.jar:3.5.3]
	at com.sun.proxy.$Proxy97.setAddMoveCustLibCase(Unknown Source) [?:?]
	at sun.reflect.NativeMethodAccessorImpl.invoke0(Native Method) ~[?:1.8.0_111]
	at sun.reflect.NativeMethodAccessorImpl.invoke(NativeMethodAccessorImpl.java:62) ~[?:1.8.0_111]
	at sun.reflect.DelegatingMethodAccessorImpl.invoke(DelegatingMethodAccessorImpl.java:43) ~[?:1.8.0_111]
	at java.lang.reflect.Method.invoke(Method.java:498) ~[?:1.8.0_111]
	at org.springframework.aop.support.AopUtils.invokeJoinpointUsingReflection(AopUtils.java:344) [spring-aop-5.2.1.RELEASE.jar:5.2.1.RELEASE]
	at org.springframework.aop.framework.ReflectiveMethodInvocation.invokeJoinpoint(ReflectiveMethodInvocation.java:198) [spring-aop-5.2.1.RELEASE.jar:5.2.1.RELEASE]
	at org.springframework.aop.framework.ReflectiveMethodInvocation.proceed(ReflectiveMethodInvocation.java:163) [spring-aop-5.2.1.RELEASE.jar:5.2.1.RELEASE]
	at org.springframework.dao.support.PersistenceExceptionTranslationInterceptor.invoke(PersistenceExceptionTranslationInterceptor.java:139) [spring-tx-5.2.1.RELEASE.jar:5.2.1.RELEASE]
	at org.springframework.aop.framework.ReflectiveMethodInvocation.proceed(ReflectiveMethodInvocation.java:186) [spring-aop-5.2.1.RELEASE.jar:5.2.1.RELEASE]
	at org.springframework.aop.framework.JdkDynamicAopProxy.invoke(JdkDynamicAopProxy.java:212) [spring-aop-5.2.1.RELEASE.jar:5.2.1.RELEASE]
	at com.sun.proxy.$Proxy98.setAddMoveCustLibCase(Unknown Source) [?:?]
	at com.taxchina.autotest.crmnew.service.impl.AddMoveCustLibImpl.insert(AddMoveCustLibImpl.java:16) [classes/:?]
	at com.taxchina.autotest.crmnew.service.testcase.MoveCustLibCaseTest.toMoveCase(MoveCustLibCaseTest.java:54) [classes/:?]
	at sun.reflect.NativeMethodAccessorImpl.invoke0(Native Method) ~[?:1.8.0_111]
	at sun.reflect.NativeMethodAccessorImpl.invoke(NativeMethodAccessorImpl.java:62) ~[?:1.8.0_111]
	at sun.reflect.DelegatingMethodAccessorImpl.invoke(DelegatingMethodAccessorImpl.java:43) ~[?:1.8.0_111]
	at java.lang.reflect.Method.invoke(Method.java:498) ~[?:1.8.0_111]
	at org.testng.internal.MethodInvocationHelper.invokeMethod(MethodInvocationHelper.java:124) [testng-6.14.3.jar:?]
	at org.testng.internal.MethodInvocationHelper$1.runTestMethod(MethodInvocationHelper.java:230) [testng-6.14.3.jar:?]
	at org.springframework.test.context.testng.AbstractTestNGSpringContextTests.run(AbstractTestNGSpringContextTests.java:181) [spring-test-5.2.1.RELEASE.jar:5.2.1.RELEASE]
	at org.testng.internal.MethodInvocationHelper.invokeHookable(MethodInvocationHelper.java:242) [testng-6.14.3.jar:?]
	at org.testng.internal.Invoker.invokeMethod(Invoker.java:579) [testng-6.14.3.jar:?]
	at org.testng.internal.Invoker.invokeTestMethod(Invoker.java:719) [testng-6.14.3.jar:?]
	at org.testng.internal.Invoker.invokeTestMethods(Invoker.java:989) [testng-6.14.3.jar:?]
	at org.testng.internal.TestMethodWorker.invokeTestMethods(TestMethodWorker.java:125) [testng-6.14.3.jar:?]
	at org.testng.internal.TestMethodWorker.run(TestMethodWorker.java:109) [testng-6.14.3.jar:?]
	at org.testng.TestRunner.privateRun(TestRunner.java:648) [testng-6.14.3.jar:?]
	at org.testng.TestRunner.run(TestRunner.java:505) [testng-6.14.3.jar:?]
	at org.testng.SuiteRunner.runTest(SuiteRunner.java:455) [testng-6.14.3.jar:?]
	at org.testng.SuiteRunner.runSequentially(SuiteRunner.java:450) [testng-6.14.3.jar:?]
	at org.testng.SuiteRunner.privateRun(SuiteRunner.java:415) [testng-6.14.3.jar:?]
	at org.testng.SuiteRunner.run(SuiteRunner.java:364) [testng-6.14.3.jar:?]
	at org.testng.SuiteRunnerWorker.runSuite(SuiteRunnerWorker.java:52) [testng-6.14.3.jar:?]
	at org.testng.SuiteRunnerWorker.run(SuiteRunnerWorker.java:84) [testng-6.14.3.jar:?]
	at org.testng.TestNG.runSuitesSequentially(TestNG.java:1208) [testng-6.14.3.jar:?]
	at org.testng.TestNG.runSuitesLocally(TestNG.java:1137) [testng-6.14.3.jar:?]
	at org.testng.TestNG.runSuites(TestNG.java:1049) [testng-6.14.3.jar:?]
	at org.testng.TestNG.run(TestNG.java:1017) [testng-6.14.3.jar:?]
	at org.testng.IDEARemoteTestNG.run(IDEARemoteTestNG.java:73) [testng-plugin.jar:?]
	at org.testng.RemoteTestNGStarter.main(RemoteTestNGStarter.java:123) [testng-plugin.jar:?]
2020-01-07 10:14:06   INFO  [main][Log.java:16] - ----------   com.taxchina.autotest.crmnew.service.testcase.MoveCustLibCaseTest  测试用例执行结束    ----------------
2020-01-07 10:15:49   INFO  [main][AbstractTestContextBootstrapper.java:308] - Neither @ContextConfiguration nor @ContextHierarchy found for test class [com.taxchina.autotest.crmnew.service.testcase.MoveCustLibCaseTest], using SpringBootContextLoader
2020-01-07 10:15:49   INFO  [main][AbstractContextLoader.java:264] - Could not detect default resource locations for test class [com.taxchina.autotest.crmnew.service.testcase.MoveCustLibCaseTest]: no resource found for suffixes {-context.xml, Context.groovy}.
2020-01-07 10:15:49   INFO  [main][AnnotationConfigContextLoaderUtils.java:83] - Could not detect default configuration classes for test class [com.taxchina.autotest.crmnew.service.testcase.MoveCustLibCaseTest]: MoveCustLibCaseTest does not declare any static, non-private, non-final, nested classes annotated with @Configuration.
2020-01-07 10:15:49   INFO  [main][SpringBootTestContextBootstrapper.java:235] - Found @SpringBootConfiguration com.taxchina.autotest.crmnew.CrmNewApplication for test class com.taxchina.autotest.crmnew.service.testcase.MoveCustLibCaseTest
2020-01-07 10:15:49   INFO  [main][AbstractTestContextBootstrapper.java:177] - Using TestExecutionListeners: [org.springframework.test.context.support.DirtiesContextBeforeModesTestExecutionListener@4dd6fd0a, org.springframework.test.context.support.DependencyInjectionTestExecutionListener@bb9e6dc, org.springframework.test.context.support.DirtiesContextTestExecutionListener@5456afaa, org.springframework.test.context.event.EventPublishingTestExecutionListener@6692b6c6]
2020-01-07 10:15:49   INFO  [main][Log.java:12] - ----------   com.taxchina.autotest.crmnew.service.testcase.MoveCustLibCaseTest  测试用例执行开始    ----------------
2020-01-07 10:15:49   INFO  [main][StartupInfoLogger.java:55] - Starting MoveCustLibCaseTest on DESKTOP-6137ET1 with PID 18980 (D:\worksapce\crm-new\target\classes started by 19042 in D:\worksapce\crm-new)
2020-01-07 10:15:49   INFO  [main][SpringApplication.java:651] - No active profile set, falling back to default profiles: default
2020-01-07 10:15:51   INFO  [main][StartupInfoLogger.java:61] - Started MoveCustLibCaseTest in 1.944 seconds (JVM running for 4.442)
2020-01-07 10:15:52   INFO  [main][HikariDataSource.java:110] - HikariPool-1 - Starting...
2020-01-07 10:15:52   ERROR [main][HikariPool.java:595] - HikariPool-1 - Exception during pool initialization.
java.sql.SQLSyntaxErrorException: Unknown database 'autotest'
	at com.mysql.cj.jdbc.exceptions.SQLError.createSQLException(SQLError.java:120) ~[mysql-connector-java-8.0.18.jar:8.0.18]
	at com.mysql.cj.jdbc.exceptions.SQLError.createSQLException(SQLError.java:97) ~[mysql-connector-java-8.0.18.jar:8.0.18]
	at com.mysql.cj.jdbc.exceptions.SQLExceptionsMapping.translateException(SQLExceptionsMapping.java:122) ~[mysql-connector-java-8.0.18.jar:8.0.18]
	at com.mysql.cj.jdbc.ConnectionImpl.createNewIO(ConnectionImpl.java:836) ~[mysql-connector-java-8.0.18.jar:8.0.18]
	at com.mysql.cj.jdbc.ConnectionImpl.<init>(ConnectionImpl.java:456) ~[mysql-connector-java-8.0.18.jar:8.0.18]
	at com.mysql.cj.jdbc.ConnectionImpl.getInstance(ConnectionImpl.java:246) ~[mysql-connector-java-8.0.18.jar:8.0.18]
	at com.mysql.cj.jdbc.NonRegisteringDriver.connect(NonRegisteringDriver.java:199) ~[mysql-connector-java-8.0.18.jar:8.0.18]
	at com.zaxxer.hikari.util.DriverDataSource.getConnection(DriverDataSource.java:138) ~[HikariCP-3.4.1.jar:?]
	at com.zaxxer.hikari.pool.PoolBase.newConnection(PoolBase.java:353) ~[HikariCP-3.4.1.jar:?]
	at com.zaxxer.hikari.pool.PoolBase.newPoolEntry(PoolBase.java:201) ~[HikariCP-3.4.1.jar:?]
	at com.zaxxer.hikari.pool.HikariPool.createPoolEntry(HikariPool.java:473) [HikariCP-3.4.1.jar:?]
	at com.zaxxer.hikari.pool.HikariPool.checkFailFast(HikariPool.java:562) [HikariCP-3.4.1.jar:?]
	at com.zaxxer.hikari.pool.HikariPool.<init>(HikariPool.java:115) [HikariCP-3.4.1.jar:?]
	at com.zaxxer.hikari.HikariDataSource.getConnection(HikariDataSource.java:112) [HikariCP-3.4.1.jar:?]
	at org.springframework.jdbc.datasource.DataSourceUtils.fetchConnection(DataSourceUtils.java:158) [spring-jdbc-5.2.1.RELEASE.jar:5.2.1.RELEASE]
	at org.springframework.jdbc.datasource.DataSourceUtils.doGetConnection(DataSourceUtils.java:116) [spring-jdbc-5.2.1.RELEASE.jar:5.2.1.RELEASE]
	at org.springframework.jdbc.datasource.DataSourceUtils.getConnection(DataSourceUtils.java:79) [spring-jdbc-5.2.1.RELEASE.jar:5.2.1.RELEASE]
	at org.mybatis.spring.transaction.SpringManagedTransaction.openConnection(SpringManagedTransaction.java:80) [mybatis-spring-2.0.3.jar:2.0.3]
	at org.mybatis.spring.transaction.SpringManagedTransaction.getConnection(SpringManagedTransaction.java:67) [mybatis-spring-2.0.3.jar:2.0.3]
	at org.apache.ibatis.executor.BaseExecutor.getConnection(BaseExecutor.java:336) [mybatis-3.5.3.jar:3.5.3]
	at org.apache.ibatis.executor.SimpleExecutor.prepareStatement(SimpleExecutor.java:86) [mybatis-3.5.3.jar:3.5.3]
	at org.apache.ibatis.executor.SimpleExecutor.doUpdate(SimpleExecutor.java:49) [mybatis-3.5.3.jar:3.5.3]
	at org.apache.ibatis.executor.BaseExecutor.update(BaseExecutor.java:117) [mybatis-3.5.3.jar:3.5.3]
	at org.apache.ibatis.executor.CachingExecutor.update(CachingExecutor.java:76) [mybatis-3.5.3.jar:3.5.3]
	at org.apache.ibatis.session.defaults.DefaultSqlSession.update(DefaultSqlSession.java:197) [mybatis-3.5.3.jar:3.5.3]
	at org.apache.ibatis.session.defaults.DefaultSqlSession.insert(DefaultSqlSession.java:184) [mybatis-3.5.3.jar:3.5.3]
	at sun.reflect.NativeMethodAccessorImpl.invoke0(Native Method) ~[?:1.8.0_111]
	at sun.reflect.NativeMethodAccessorImpl.invoke(NativeMethodAccessorImpl.java:62) ~[?:1.8.0_111]
	at sun.reflect.DelegatingMethodAccessorImpl.invoke(DelegatingMethodAccessorImpl.java:43) ~[?:1.8.0_111]
	at java.lang.reflect.Method.invoke(Method.java:498) ~[?:1.8.0_111]
	at org.mybatis.spring.SqlSessionTemplate$SqlSessionInterceptor.invoke(SqlSessionTemplate.java:426) [mybatis-spring-2.0.3.jar:2.0.3]
	at com.sun.proxy.$Proxy76.insert(Unknown Source) [?:?]
	at org.mybatis.spring.SqlSessionTemplate.insert(SqlSessionTemplate.java:271) [mybatis-spring-2.0.3.jar:2.0.3]
	at org.apache.ibatis.binding.MapperMethod.execute(MapperMethod.java:62) [mybatis-3.5.3.jar:3.5.3]
	at org.apache.ibatis.binding.MapperProxy.invoke(MapperProxy.java:93) [mybatis-3.5.3.jar:3.5.3]
	at com.sun.proxy.$Proxy97.setAddMoveCustLibCase(Unknown Source) [?:?]
	at sun.reflect.NativeMethodAccessorImpl.invoke0(Native Method) ~[?:1.8.0_111]
	at sun.reflect.NativeMethodAccessorImpl.invoke(NativeMethodAccessorImpl.java:62) ~[?:1.8.0_111]
	at sun.reflect.DelegatingMethodAccessorImpl.invoke(DelegatingMethodAccessorImpl.java:43) ~[?:1.8.0_111]
	at java.lang.reflect.Method.invoke(Method.java:498) ~[?:1.8.0_111]
	at org.springframework.aop.support.AopUtils.invokeJoinpointUsingReflection(AopUtils.java:344) [spring-aop-5.2.1.RELEASE.jar:5.2.1.RELEASE]
	at org.springframework.aop.framework.ReflectiveMethodInvocation.invokeJoinpoint(ReflectiveMethodInvocation.java:198) [spring-aop-5.2.1.RELEASE.jar:5.2.1.RELEASE]
	at org.springframework.aop.framework.ReflectiveMethodInvocation.proceed(ReflectiveMethodInvocation.java:163) [spring-aop-5.2.1.RELEASE.jar:5.2.1.RELEASE]
	at org.springframework.dao.support.PersistenceExceptionTranslationInterceptor.invoke(PersistenceExceptionTranslationInterceptor.java:139) [spring-tx-5.2.1.RELEASE.jar:5.2.1.RELEASE]
	at org.springframework.aop.framework.ReflectiveMethodInvocation.proceed(ReflectiveMethodInvocation.java:186) [spring-aop-5.2.1.RELEASE.jar:5.2.1.RELEASE]
	at org.springframework.aop.framework.JdkDynamicAopProxy.invoke(JdkDynamicAopProxy.java:212) [spring-aop-5.2.1.RELEASE.jar:5.2.1.RELEASE]
	at com.sun.proxy.$Proxy98.setAddMoveCustLibCase(Unknown Source) [?:?]
	at com.taxchina.autotest.crmnew.service.impl.AddMoveCustLibImpl.insert(AddMoveCustLibImpl.java:16) [classes/:?]
	at com.taxchina.autotest.crmnew.service.testcase.MoveCustLibCaseTest.toMoveCase(MoveCustLibCaseTest.java:54) [classes/:?]
	at sun.reflect.NativeMethodAccessorImpl.invoke0(Native Method) ~[?:1.8.0_111]
	at sun.reflect.NativeMethodAccessorImpl.invoke(NativeMethodAccessorImpl.java:62) ~[?:1.8.0_111]
	at sun.reflect.DelegatingMethodAccessorImpl.invoke(DelegatingMethodAccessorImpl.java:43) ~[?:1.8.0_111]
	at java.lang.reflect.Method.invoke(Method.java:498) ~[?:1.8.0_111]
	at org.testng.internal.MethodInvocationHelper.invokeMethod(MethodInvocationHelper.java:124) [testng-6.14.3.jar:?]
	at org.testng.internal.MethodInvocationHelper$1.runTestMethod(MethodInvocationHelper.java:230) [testng-6.14.3.jar:?]
	at org.springframework.test.context.testng.AbstractTestNGSpringContextTests.run(AbstractTestNGSpringContextTests.java:181) [spring-test-5.2.1.RELEASE.jar:5.2.1.RELEASE]
	at org.testng.internal.MethodInvocationHelper.invokeHookable(MethodInvocationHelper.java:242) [testng-6.14.3.jar:?]
	at org.testng.internal.Invoker.invokeMethod(Invoker.java:579) [testng-6.14.3.jar:?]
	at org.testng.internal.Invoker.invokeTestMethod(Invoker.java:719) [testng-6.14.3.jar:?]
	at org.testng.internal.Invoker.invokeTestMethods(Invoker.java:989) [testng-6.14.3.jar:?]
	at org.testng.internal.TestMethodWorker.invokeTestMethods(TestMethodWorker.java:125) [testng-6.14.3.jar:?]
	at org.testng.internal.TestMethodWorker.run(TestMethodWorker.java:109) [testng-6.14.3.jar:?]
	at org.testng.TestRunner.privateRun(TestRunner.java:648) [testng-6.14.3.jar:?]
	at org.testng.TestRunner.run(TestRunner.java:505) [testng-6.14.3.jar:?]
	at org.testng.SuiteRunner.runTest(SuiteRunner.java:455) [testng-6.14.3.jar:?]
	at org.testng.SuiteRunner.runSequentially(SuiteRunner.java:450) [testng-6.14.3.jar:?]
	at org.testng.SuiteRunner.privateRun(SuiteRunner.java:415) [testng-6.14.3.jar:?]
	at org.testng.SuiteRunner.run(SuiteRunner.java:364) [testng-6.14.3.jar:?]
	at org.testng.SuiteRunnerWorker.runSuite(SuiteRunnerWorker.java:52) [testng-6.14.3.jar:?]
	at org.testng.SuiteRunnerWorker.run(SuiteRunnerWorker.java:84) [testng-6.14.3.jar:?]
	at org.testng.TestNG.runSuitesSequentially(TestNG.java:1208) [testng-6.14.3.jar:?]
	at org.testng.TestNG.runSuitesLocally(TestNG.java:1137) [testng-6.14.3.jar:?]
	at org.testng.TestNG.runSuites(TestNG.java:1049) [testng-6.14.3.jar:?]
	at org.testng.TestNG.run(TestNG.java:1017) [testng-6.14.3.jar:?]
	at org.testng.IDEARemoteTestNG.run(IDEARemoteTestNG.java:73) [testng-plugin.jar:?]
	at org.testng.RemoteTestNGStarter.main(RemoteTestNGStarter.java:123) [testng-plugin.jar:?]
2020-01-07 10:15:52   INFO  [main][Log.java:16] - ----------   com.taxchina.autotest.crmnew.service.testcase.MoveCustLibCaseTest  测试用例执行结束    ----------------
2020-01-07 10:16:36   INFO  [main][AbstractTestContextBootstrapper.java:308] - Neither @ContextConfiguration nor @ContextHierarchy found for test class [com.taxchina.autotest.crmnew.service.testcase.MoveCustLibCaseTest], using SpringBootContextLoader
2020-01-07 10:16:36   INFO  [main][AbstractContextLoader.java:264] - Could not detect default resource locations for test class [com.taxchina.autotest.crmnew.service.testcase.MoveCustLibCaseTest]: no resource found for suffixes {-context.xml, Context.groovy}.
2020-01-07 10:16:36   INFO  [main][AnnotationConfigContextLoaderUtils.java:83] - Could not detect default configuration classes for test class [com.taxchina.autotest.crmnew.service.testcase.MoveCustLibCaseTest]: MoveCustLibCaseTest does not declare any static, non-private, non-final, nested classes annotated with @Configuration.
2020-01-07 10:16:36   INFO  [main][SpringBootTestContextBootstrapper.java:235] - Found @SpringBootConfiguration com.taxchina.autotest.crmnew.CrmNewApplication for test class com.taxchina.autotest.crmnew.service.testcase.MoveCustLibCaseTest
2020-01-07 10:16:36   INFO  [main][AbstractTestContextBootstrapper.java:177] - Using TestExecutionListeners: [org.springframework.test.context.support.DirtiesContextBeforeModesTestExecutionListener@bb9e6dc, org.springframework.test.context.support.DependencyInjectionTestExecutionListener@5456afaa, org.springframework.test.context.support.DirtiesContextTestExecutionListener@6692b6c6, org.springframework.test.context.event.EventPublishingTestExecutionListener@1cd629b3]
2020-01-07 10:16:36   INFO  [main][Log.java:12] - ----------   com.taxchina.autotest.crmnew.service.testcase.MoveCustLibCaseTest  测试用例执行开始    ----------------
2020-01-07 10:16:36   INFO  [main][StartupInfoLogger.java:55] - Starting MoveCustLibCaseTest on DESKTOP-6137ET1 with PID 13048 (D:\worksapce\crm-new\target\classes started by 19042 in D:\worksapce\crm-new)
2020-01-07 10:16:36   INFO  [main][SpringApplication.java:651] - No active profile set, falling back to default profiles: default
2020-01-07 10:16:38   INFO  [main][StartupInfoLogger.java:61] - Started MoveCustLibCaseTest in 2.069 seconds (JVM running for 4.764)
2020-01-07 10:16:39   INFO  [main][HikariDataSource.java:110] - HikariPool-1 - Starting...
2020-01-07 10:16:39   INFO  [main][HikariDataSource.java:123] - HikariPool-1 - Start completed.
2020-01-07 10:16:39   INFO  [main][Log.java:16] - ----------   com.taxchina.autotest.crmnew.service.testcase.MoveCustLibCaseTest  测试用例执行结束    ----------------
2020-01-07 10:20:44   INFO  [main][AbstractTestContextBootstrapper.java:308] - Neither @ContextConfiguration nor @ContextHierarchy found for test class [com.taxchina.autotest.crmnew.service.testcase.MoveCustLibCaseTest], using SpringBootContextLoader
2020-01-07 10:20:44   INFO  [main][AbstractContextLoader.java:264] - Could not detect default resource locations for test class [com.taxchina.autotest.crmnew.service.testcase.MoveCustLibCaseTest]: no resource found for suffixes {-context.xml, Context.groovy}.
2020-01-07 10:20:44   INFO  [main][AnnotationConfigContextLoaderUtils.java:83] - Could not detect default configuration classes for test class [com.taxchina.autotest.crmnew.service.testcase.MoveCustLibCaseTest]: MoveCustLibCaseTest does not declare any static, non-private, non-final, nested classes annotated with @Configuration.
2020-01-07 10:20:44   INFO  [main][SpringBootTestContextBootstrapper.java:235] - Found @SpringBootConfiguration com.taxchina.autotest.crmnew.CrmNewApplication for test class com.taxchina.autotest.crmnew.service.testcase.MoveCustLibCaseTest
2020-01-07 10:20:44   INFO  [main][AbstractTestContextBootstrapper.java:177] - Using TestExecutionListeners: [org.springframework.test.context.support.DirtiesContextBeforeModesTestExecutionListener@4dd6fd0a, org.springframework.test.context.support.DependencyInjectionTestExecutionListener@bb9e6dc, org.springframework.test.context.support.DirtiesContextTestExecutionListener@5456afaa, org.springframework.test.context.event.EventPublishingTestExecutionListener@6692b6c6]
2020-01-07 10:20:44   INFO  [main][Log.java:12] - ----------   com.taxchina.autotest.crmnew.service.testcase.MoveCustLibCaseTest  测试用例执行开始    ----------------
2020-01-07 10:20:44   INFO  [main][StartupInfoLogger.java:55] - Starting MoveCustLibCaseTest on DESKTOP-6137ET1 with PID 19312 (D:\worksapce\crm-new\target\classes started by 19042 in D:\worksapce\crm-new)
2020-01-07 10:20:44   INFO  [main][SpringApplication.java:651] - No active profile set, falling back to default profiles: default
2020-01-07 10:20:46   INFO  [main][StartupInfoLogger.java:61] - Started MoveCustLibCaseTest in 2.026 seconds (JVM running for 4.764)
2020-01-07 10:20:47   INFO  [main][HikariDataSource.java:110] - HikariPool-1 - Starting...
2020-01-07 10:20:47   INFO  [main][HikariDataSource.java:123] - HikariPool-1 - Start completed.
2020-01-07 10:20:47   INFO  [main][Log.java:16] - ----------   com.taxchina.autotest.crmnew.service.testcase.MoveCustLibCaseTest  测试用例执行结束    ----------------
2020-01-07 10:22:03   INFO  [main][AbstractTestContextBootstrapper.java:308] - Neither @ContextConfiguration nor @ContextHierarchy found for test class [com.taxchina.autotest.crmnew.service.testcase.MoveCustLibCaseTest], using SpringBootContextLoader
2020-01-07 10:22:03   INFO  [main][AbstractContextLoader.java:264] - Could not detect default resource locations for test class [com.taxchina.autotest.crmnew.service.testcase.MoveCustLibCaseTest]: no resource found for suffixes {-context.xml, Context.groovy}.
2020-01-07 10:22:03   INFO  [main][AnnotationConfigContextLoaderUtils.java:83] - Could not detect default configuration classes for test class [com.taxchina.autotest.crmnew.service.testcase.MoveCustLibCaseTest]: MoveCustLibCaseTest does not declare any static, non-private, non-final, nested classes annotated with @Configuration.
2020-01-07 10:22:03   INFO  [main][SpringBootTestContextBootstrapper.java:235] - Found @SpringBootConfiguration com.taxchina.autotest.crmnew.CrmNewApplication for test class com.taxchina.autotest.crmnew.service.testcase.MoveCustLibCaseTest
2020-01-07 10:22:03   INFO  [main][AbstractTestContextBootstrapper.java:177] - Using TestExecutionListeners: [org.springframework.test.context.support.DirtiesContextBeforeModesTestExecutionListener@4dd6fd0a, org.springframework.test.context.support.DependencyInjectionTestExecutionListener@bb9e6dc, org.springframework.test.context.support.DirtiesContextTestExecutionListener@5456afaa, org.springframework.test.context.event.EventPublishingTestExecutionListener@6692b6c6]
2020-01-07 10:22:04   INFO  [main][Log.java:12] - ----------   com.taxchina.autotest.crmnew.service.testcase.MoveCustLibCaseTest  测试用例执行开始    ----------------
2020-01-07 10:22:04   INFO  [main][StartupInfoLogger.java:55] - Starting MoveCustLibCaseTest on DESKTOP-6137ET1 with PID 4160 (D:\worksapce\crm-new\target\classes started by 19042 in D:\worksapce\crm-new)
2020-01-07 10:22:04   INFO  [main][SpringApplication.java:651] - No active profile set, falling back to default profiles: default
2020-01-07 10:22:06   INFO  [main][StartupInfoLogger.java:61] - Started MoveCustLibCaseTest in 2.016 seconds (JVM running for 4.626)
2020-01-07 10:22:07   INFO  [main][HikariDataSource.java:110] - HikariPool-1 - Starting...
2020-01-07 10:22:07   INFO  [main][HikariDataSource.java:123] - HikariPool-1 - Start completed.
2020-01-07 10:22:07   INFO  [main][Log.java:20] - 转移客户库用例id:1
2020-01-07 10:22:07   INFO  [main][Log.java:16] - ----------   com.taxchina.autotest.crmnew.service.testcase.MoveCustLibCaseTest  测试用例执行结束    ----------------
2020-01-07 10:53:38   INFO  [main][AbstractTestContextBootstrapper.java:308] - Neither @ContextConfiguration nor @ContextHierarchy found for test class [com.taxchina.autotest.crmnew.service.testcase.MoveCustLibCaseTest], using SpringBootContextLoader
2020-01-07 10:53:38   INFO  [main][AbstractContextLoader.java:264] - Could not detect default resource locations for test class [com.taxchina.autotest.crmnew.service.testcase.MoveCustLibCaseTest]: no resource found for suffixes {-context.xml, Context.groovy}.
2020-01-07 10:53:38   INFO  [main][AnnotationConfigContextLoaderUtils.java:83] - Could not detect default configuration classes for test class [com.taxchina.autotest.crmnew.service.testcase.MoveCustLibCaseTest]: MoveCustLibCaseTest does not declare any static, non-private, non-final, nested classes annotated with @Configuration.
2020-01-07 10:53:38   INFO  [main][SpringBootTestContextBootstrapper.java:235] - Found @SpringBootConfiguration com.taxchina.autotest.crmnew.CrmNewApplication for test class com.taxchina.autotest.crmnew.service.testcase.MoveCustLibCaseTest
2020-01-07 10:53:38   INFO  [main][AbstractTestContextBootstrapper.java:177] - Using TestExecutionListeners: [org.springframework.test.context.support.DirtiesContextBeforeModesTestExecutionListener@4dd6fd0a, org.springframework.test.context.support.DependencyInjectionTestExecutionListener@bb9e6dc, org.springframework.test.context.support.DirtiesContextTestExecutionListener@5456afaa, org.springframework.test.context.event.EventPublishingTestExecutionListener@6692b6c6]
2020-01-07 10:53:38   INFO  [main][Log.java:12] - ----------   com.taxchina.autotest.crmnew.service.testcase.MoveCustLibCaseTest  测试用例执行开始    ----------------
2020-01-07 10:53:38   INFO  [main][StartupInfoLogger.java:55] - Starting MoveCustLibCaseTest on DESKTOP-6137ET1 with PID 6664 (D:\worksapce\crm-new\target\classes started by 19042 in D:\worksapce\crm-new)
2020-01-07 10:53:38   INFO  [main][SpringApplication.java:651] - No active profile set, falling back to default profiles: default
2020-01-07 10:53:41   INFO  [main][StartupInfoLogger.java:61] - Started MoveCustLibCaseTest in 2.377 seconds (JVM running for 5.032)
2020-01-07 10:53:42   INFO  [main][HikariDataSource.java:110] - HikariPool-1 - Starting...
2020-01-07 10:53:42   INFO  [main][HikariDataSource.java:123] - HikariPool-1 - Start completed.
2020-01-07 10:53:42   INFO  [main][Log.java:20] - 转移客户库用例id:2
2020-01-07 10:53:42   INFO  [main][Log.java:20] - 转移客户库请求返回结果：{"msg":"操作成功","code":0}
2020-01-07 10:53:42   INFO  [main][Log.java:16] - ----------   com.taxchina.autotest.crmnew.service.testcase.MoveCustLibCaseTest  测试用例执行结束    ----------------
2020-01-07 11:05:07   INFO  [main][AbstractTestContextBootstrapper.java:308] - Neither @ContextConfiguration nor @ContextHierarchy found for test class [com.taxchina.autotest.crmnew.service.testcase.MoveCustLibCaseTest], using SpringBootContextLoader
2020-01-07 11:05:07   INFO  [main][AbstractContextLoader.java:264] - Could not detect default resource locations for test class [com.taxchina.autotest.crmnew.service.testcase.MoveCustLibCaseTest]: no resource found for suffixes {-context.xml, Context.groovy}.
2020-01-07 11:05:07   INFO  [main][AnnotationConfigContextLoaderUtils.java:83] - Could not detect default configuration classes for test class [com.taxchina.autotest.crmnew.service.testcase.MoveCustLibCaseTest]: MoveCustLibCaseTest does not declare any static, non-private, non-final, nested classes annotated with @Configuration.
2020-01-07 11:05:07   INFO  [main][SpringBootTestContextBootstrapper.java:235] - Found @SpringBootConfiguration com.taxchina.autotest.crmnew.CrmNewApplication for test class com.taxchina.autotest.crmnew.service.testcase.MoveCustLibCaseTest
2020-01-07 11:05:08   INFO  [main][AbstractTestContextBootstrapper.java:177] - Using TestExecutionListeners: [org.springframework.test.context.support.DirtiesContextBeforeModesTestExecutionListener@4dd6fd0a, org.springframework.test.context.support.DependencyInjectionTestExecutionListener@bb9e6dc, org.springframework.test.context.support.DirtiesContextTestExecutionListener@5456afaa, org.springframework.test.context.event.EventPublishingTestExecutionListener@6692b6c6]
2020-01-07 11:05:08   INFO  [main][Log.java:12] - ----------   com.taxchina.autotest.crmnew.service.testcase.MoveCustLibCaseTest  测试用例执行开始    ----------------
2020-01-07 11:05:08   INFO  [main][StartupInfoLogger.java:55] - Starting MoveCustLibCaseTest on DESKTOP-6137ET1 with PID 7532 (D:\worksapce\crm-new\target\classes started by 19042 in D:\worksapce\crm-new)
2020-01-07 11:05:08   INFO  [main][SpringApplication.java:651] - No active profile set, falling back to default profiles: default
2020-01-07 11:05:10   INFO  [main][StartupInfoLogger.java:61] - Started MoveCustLibCaseTest in 1.951 seconds (JVM running for 4.661)
2020-01-07 11:05:11   INFO  [main][HikariDataSource.java:110] - HikariPool-1 - Starting...
2020-01-07 11:05:11   INFO  [main][HikariDataSource.java:123] - HikariPool-1 - Start completed.
2020-01-07 11:05:11   INFO  [main][Log.java:20] - 转移客户库用例id:3
2020-01-07 11:05:11   INFO  [main][Log.java:20] - 转移客户库请求返回结果：{"msg":"操作成功","code":0}
2020-01-07 11:05:11   INFO  [main][Log.java:16] - ----------   com.taxchina.autotest.crmnew.service.testcase.MoveCustLibCaseTest  测试用例执行结束    ----------------
2020-01-07 11:06:06   INFO  [main][AbstractTestContextBootstrapper.java:308] - Neither @ContextConfiguration nor @ContextHierarchy found for test class [com.taxchina.autotest.crmnew.service.testcase.MoveCustLibCaseTest], using SpringBootContextLoader
2020-01-07 11:06:06   INFO  [main][AbstractContextLoader.java:264] - Could not detect default resource locations for test class [com.taxchina.autotest.crmnew.service.testcase.MoveCustLibCaseTest]: no resource found for suffixes {-context.xml, Context.groovy}.
2020-01-07 11:06:06   INFO  [main][AnnotationConfigContextLoaderUtils.java:83] - Could not detect default configuration classes for test class [com.taxchina.autotest.crmnew.service.testcase.MoveCustLibCaseTest]: MoveCustLibCaseTest does not declare any static, non-private, non-final, nested classes annotated with @Configuration.
2020-01-07 11:06:06   INFO  [main][SpringBootTestContextBootstrapper.java:235] - Found @SpringBootConfiguration com.taxchina.autotest.crmnew.CrmNewApplication for test class com.taxchina.autotest.crmnew.service.testcase.MoveCustLibCaseTest
2020-01-07 11:06:06   INFO  [main][AbstractTestContextBootstrapper.java:177] - Using TestExecutionListeners: [org.springframework.test.context.support.DirtiesContextBeforeModesTestExecutionListener@bb9e6dc, org.springframework.test.context.support.DependencyInjectionTestExecutionListener@5456afaa, org.springframework.test.context.support.DirtiesContextTestExecutionListener@6692b6c6, org.springframework.test.context.event.EventPublishingTestExecutionListener@1cd629b3]
2020-01-07 11:06:06   INFO  [main][Log.java:12] - ----------   com.taxchina.autotest.crmnew.service.testcase.MoveCustLibCaseTest  测试用例执行开始    ----------------
2020-01-07 11:06:06   INFO  [main][StartupInfoLogger.java:55] - Starting MoveCustLibCaseTest on DESKTOP-6137ET1 with PID 8252 (D:\worksapce\crm-new\target\classes started by 19042 in D:\worksapce\crm-new)
2020-01-07 11:06:06   INFO  [main][SpringApplication.java:651] - No active profile set, falling back to default profiles: default
2020-01-07 11:06:08   INFO  [main][StartupInfoLogger.java:61] - Started MoveCustLibCaseTest in 2.038 seconds (JVM running for 4.743)
2020-01-07 11:06:09   INFO  [main][HikariDataSource.java:110] - HikariPool-1 - Starting...
2020-01-07 11:06:09   INFO  [main][HikariDataSource.java:123] - HikariPool-1 - Start completed.
2020-01-07 11:06:09   INFO  [main][Log.java:20] - 转移客户库用例id:4
2020-01-07 11:06:09   INFO  [main][Log.java:20] - 转移客户库请求返回结果：{"msg":"操作成功","code":0}
2020-01-07 11:06:09   INFO  [main][Log.java:16] - ----------   com.taxchina.autotest.crmnew.service.testcase.MoveCustLibCaseTest  测试用例执行结束    ----------------
